********************************************************************************
DUPLICATOR-LITE PACKAGE-LOG: 14 November 2019 13 h 11 min
NOTICE: Do NOT post to public sites or forums 
********************************************************************************
VERSION:	1.3.22
WORDPRESS:	5.2.4
PHP INFO:	7.1.32 | SAPI: litespeed
SERVER:		Apache 
PHP TIME LIMIT: (0) no time limit imposed 
PHP MAX MEMORY: 4294967296 (256M default) 
MEMORY STACK: 14MB
[CTRL DUP ARCIVE] PACKAGE AS NEW ID 4 SAVED | STATUS:0
[DUP ARCHIVE] BUILDING DATABASE

********************************************************************************
DATABASE:
********************************************************************************
BUILD MODE:   PHP(query limit - 100)
MYSQLTIMEOUT: 5000
MYSQLDUMP:    Not Supported
TABLES: total:20 | filtered:0 | create:20
FILTERED: []
SQL CREATED: 20191112_sylviatrouve_c3b156035e0c3e359642_20191114131139_database.sql
SQL FILE SIZE: 989.73KB (1013480)
SQL FILE TIME: 2019-11-14 13:11:45
SQL RUNTIME: 0.51 sec.
[DUP ARCHIVE] VALIDATING DATABASE
[DUP ARCHIVE] DONE DATABASE

********************************************************************************
ARCHIVE Type=DUP Mode=DupArchive
********************************************************************************
ARCHIVE DIR:  /home/viayakhq/public_html
ARCHIVE FILE: 20191112_sylviatrouve_c3b156035e0c3e359642_20191114131139_archive.daf
FILTERS: *OFF*
DIRS:
	not set
FILES:
	not set
EXTS:  not set
----------------------------------------
COMPRESSING
SIZE:	0B
STATS:	Dirs 0 | Files 0 | Total 0
[DUP ARCHIVE] DONE ARCHIVE
building installer
add_extra_files1
add_extra_files2
add_extra_files3
add_extra_files4
Doing archive file check
add_extra_files5
add_extra_files6
add_extra_files7
add_extra_files_using_da1
Adding enhanced installer files to archive using DupArchive
[DUP ARCHIVE] DONE ARCHIVE
COMPRESSED SIZE: 1.57MB
ARCHIVE RUNTIME: 7.22 sec.
MEMORY STACK: 14MB
CREATE WARNINGS: No warnings.
VALIDATION WARNINGS: No warnings.
[DUP ARCHIVE] DONE ARCHIVE
[DUP ARCHIVE] HAS COMPLETED CLOSING
[DUP ARCHIVE] DUP ARCHIVE INTEGRITY CHECK

********************************************************************************
INTEGRITY CHECKS:
********************************************************************************
SQL FILE: 989.73KB
INSTALLER FILE: 74.4KB
ARCHIVE FILE: 1.57MB 
EXPECTED FILE/DIRECTORY COUNT: 181
ACTUAL FILE/DIRECTORY COUNT: 182

********************************************************************************
RECORD ID:[4]
TOTAL PROCESS RUNTIME: 7.22 sec.
PEAK PHP MEMORY USED: 14MB
DONE PROCESSING => 20191112_sylviatrouve 2019-11-14 13:11:52

